2025-12-06 06:52:49,677 (INFO) - django.utils.autoreload - Watching for file changes with StatReloader
2025-12-06 06:52:49,788 (WARNING) - silk.profiling.profiler - Cannot execute silk_profile as silk is not installed correctly.
2025-12-06 06:52:55,768 (WARNING) - django.request - Method Not Allowed: /playground/hello/
2025-12-06 06:53:51,496 (INFO) - django.utils.autoreload - /home/venkatsaigs/Projects/FirstProject3/playground/views.py changed, reloading.
2025-12-06 06:53:52,079 (INFO) - django.utils.autoreload - Watching for file changes with StatReloader
2025-12-06 06:53:52,184 (WARNING) - silk.profiling.profiler - Cannot execute silk_profile as silk is not installed correctly.
2025-12-06 06:53:55,810 (WARNING) - django.request - Method Not Allowed: /playground/hello/
2025-12-06 06:54:33,319 (INFO) - django.utils.autoreload - /home/venkatsaigs/Projects/FirstProject3/playground/views.py changed, reloading.
2025-12-06 06:54:33,940 (INFO) - django.utils.autoreload - Watching for file changes with StatReloader
2025-12-06 06:54:34,060 (WARNING) - silk.profiling.profiler - Cannot execute silk_profile as silk is not installed correctly.
2025-12-06 06:54:37,212 (INFO) - venv - calling httpbin
2025-12-06 06:54:41,133 (INFO) - venv - recieved response
2025-12-06 07:11:29,373 (INFO) - django.utils.autoreload - /home/venkatsaigs/Projects/FirstProject3/manage.py changed, reloading.
2025-12-06 07:12:55,381 (INFO) - django.utils.autoreload - Watching for file changes with StatReloader
2025-12-06 07:12:55,487 (WARNING) - silk.profiling.profiler - Cannot execute silk_profile as silk is not installed correctly.
2025-12-06 07:13:02,175 (INFO) - venv - calling httpbin
2025-12-06 07:13:04,020 (INFO) - venv - recieved response
2025-12-06 07:13:04,079 (ERROR) - django.request - Internal Server Error: /playground/hello/
Traceback (most recent call last):
  File "/home/venkatsaigs/Projects/FirstProject3/.venv/lib/python3.13/site-packages/requests/models.py", line 976, in json
    return complexjson.loads(self.text, **kwargs)
           ~~~~~~~~~~~~~~~~~^^^^^^^^^^^^^^^^^^^^^
  File "/usr/lib/python3.13/json/__init__.py", line 346, in loads
    return _default_decoder.decode(s)
           ~~~~~~~~~~~~~~~~~~~~~~~^^^
  File "/usr/lib/python3.13/json/decoder.py", line 345, in decode
    obj, end = self.raw_decode(s, idx=_w(s, 0).end())
               ~~~~~~~~~~~~~~~^^^^^^^^^^^^^^^^^^^^^^^
  File "/usr/lib/python3.13/json/decoder.py", line 363, in raw_decode
    raise JSONDecodeError("Expecting value", s, err.value) from None
json.decoder.JSONDecodeError: Expecting value: line 1 column 1 (char 0)

During handling of the above exception, another exception occurred:

Traceback (most recent call last):
  File "/home/venkatsaigs/Projects/FirstProject3/.venv/lib/python3.13/site-packages/django/core/handlers/exception.py", line 55, in inner
    response = get_response(request)
  File "/home/venkatsaigs/Projects/FirstProject3/.venv/lib/python3.13/site-packages/django/core/handlers/base.py", line 197, in _get_response
    response = wrapped_callback(request, *callback_args, **callback_kwargs)
  File "/home/venkatsaigs/Projects/FirstProject3/.venv/lib/python3.13/site-packages/django/views/decorators/csrf.py", line 65, in _view_wrapper
    return view_func(request, *args, **kwargs)
  File "/home/venkatsaigs/Projects/FirstProject3/.venv/lib/python3.13/site-packages/django/views/generic/base.py", line 105, in view
    return self.dispatch(request, *args, **kwargs)
           ~~~~~~~~~~~~~^^^^^^^^^^^^^^^^^^^^^^^^^^
  File "/home/venkatsaigs/Projects/FirstProject3/.venv/lib/python3.13/site-packages/rest_framework/views.py", line 515, in dispatch
    response = self.handle_exception(exc)
  File "/home/venkatsaigs/Projects/FirstProject3/.venv/lib/python3.13/site-packages/rest_framework/views.py", line 475, in handle_exception
    self.raise_uncaught_exception(exc)
    ~~~~~~~~~~~~~~~~~~~~~~~~~~~~~^^^^^
  File "/home/venkatsaigs/Projects/FirstProject3/.venv/lib/python3.13/site-packages/rest_framework/views.py", line 486, in raise_uncaught_exception
    raise exc
  File "/home/venkatsaigs/Projects/FirstProject3/.venv/lib/python3.13/site-packages/rest_framework/views.py", line 512, in dispatch
    response = handler(request, *args, **kwargs)
  File "/home/venkatsaigs/Projects/FirstProject3/playground/views.py", line 15, in get
    data = response.json()
  File "/home/venkatsaigs/Projects/FirstProject3/.venv/lib/python3.13/site-packages/requests/models.py", line 980, in json
    raise RequestsJSONDecodeError(e.msg, e.doc, e.pos)
requests.exceptions.JSONDecodeError: Expecting value: line 1 column 1 (char 0)
2025-12-06 07:13:29,435 (INFO) - venv - calling httpbin
2025-12-06 07:13:36,173 (INFO) - venv - recieved response
2025-12-06 14:01:45,384 (WARNING) - silk.profiling.profiler - Cannot execute silk_profile as silk is not installed correctly.
2025-12-06 14:02:16,855 (WARNING) - silk.profiling.profiler - Cannot execute silk_profile as silk is not installed correctly.
2025-12-06 17:25:16,254 (INFO) - django.utils.autoreload - Watching for file changes with StatReloader
